<?xml version="1.0" encoding="UTF-8"?>
<testsuite name="book.AppTest" tests="1" skipped="0" failures="0" errors="0" timestamp="2023-12-29T13:50:11" hostname="gwon-ogyun-ui-MacBookPro.local" time="0.007">
  <properties/>
  <testcase name="appHasAGreeting()" classname="book.AppTest" time="0.007"/>
  <system-out><![CDATA[]]></system-out>
  <system-err><![CDATA[]]></system-err>
</testsuite>
